\BOOKMARK [0][-]{chapter.1}{\376\377\000T\000o\000\040\000r\000e\000v\000i\000e\000w}{}% 1
\BOOKMARK [1][-]{section.1.1}{\376\377\000s\000e\000r\000\040\000v\000s\000\040\000e\000s\000t\000a\000r}{chapter.1}% 2
\BOOKMARK [1][-]{section.1.2}{\376\377\000p\000o\000r\000\040\000v\000s\000\040\000p\000a\000r\000a}{chapter.1}% 3
\BOOKMARK [1][-]{section.1.3}{\376\377\000l\000l\000e\000v\000a\000r\000\040\000v\000s\000\040\000t\000r\000a\000e\000r}{chapter.1}% 4
\BOOKMARK [0][-]{chapter.2}{\376\377\000B\000a\000b\000b\000e\000l\000\040\000G\000r\000u\000n\000d\000l\000a\000g\000e\000n\000\040\000A\0002}{}% 5
\BOOKMARK [1][-]{section.2.1}{\376\377\000L\000e\000k\000t\000i\000o\000n\000\040\0001\000\040\000-\000\040\000H\000a\000y\000\040\000u\000n\000\040\000p\000r\000o\000b\000l\000e\000m\000a\000\040\000c\000o\000n\000\040\000e\000l\000\040\000p\000e\000d\000i\000d\000o}{chapter.2}% 6
\BOOKMARK [0][-]{chapter.3}{\376\377\000B\000a\000b\000b\000e\000l\000\040\000A\0001}{}% 7
\BOOKMARK [1][-]{section.3.1}{\376\377\000S\000e\000r\000\040\000y\000\040\000e\000s\000t\000a\000r}{chapter.3}% 8
\BOOKMARK [1][-]{section.3.2}{\376\377\000P\000r\000e\000s\000e\000n\000t\000e\000\040\000c\000o\000n\000t\000i\000n\000u\000o\000\040\000-\000\040\000G\000e\000r\000u\000n\000d\000i\000o}{chapter.3}% 9
\BOOKMARK [1][-]{section.3.3}{\376\377\000V\000o\000k\000a\000l\000w\000e\000c\000h\000s\000e\000l\000\040\000b\000e\000i\000\040\000u\000n\000r\000e\000g\000e\000l\000m\000\344\000\337\000i\000g\000e\000n\000\040\000V\000e\000r\000b\000e\000n}{chapter.3}% 10
\BOOKMARK [1][-]{section.3.4}{\376\377\000L\000l\000e\000v\000a\000r\000\040\000+\000\040\000G\000e\000r\000u\000n\000d\000i\000o}{chapter.3}% 11
\BOOKMARK [1][-]{section.3.5}{\376\377\000P\000r\000e\000t\000\351\000r\000i\000t\000o\000\040\000p\000e\000r\000f\000e\000c\000t\000o}{chapter.3}% 12
\BOOKMARK [1][-]{section.3.6}{\376\377\000H\000\344\000u\000f\000i\000g\000k\000e\000i\000t\000s\000a\000d\000v\000e\000r\000b\000i\000e\000n}{chapter.3}% 13
\BOOKMARK [1][-]{section.3.7}{\376\377\000D\000e\000m\000o\000n\000s\000t\000r\000a\000t\000i\000v\000b\000e\000g\000l\000e\000i\000t\000e\000r}{chapter.3}% 14
\BOOKMARK [0][-]{chapter.4}{\376\377\000B\000a\000b\000b\000e\000l\000\040\000A\0002}{}% 15
\BOOKMARK [1][-]{section.4.1}{\376\377\000D\000i\000e\000\040\000i\000n\000d\000i\000r\000e\000k\000t\000e\000n\000\040\000O\000b\000j\000e\000k\000t\000p\000r\000o\000n\000o\000m\000e\000n}{chapter.4}% 16
\BOOKMARK [1][-]{section.4.2}{\376\377\000F\000r\000a\000g\000e\000w\000\366\000r\000t\000e\000r}{chapter.4}% 17
\BOOKMARK [1][-]{section.4.3}{\376\377\000N\000o\000m\000e\000n\000\040\000m\000i\000t\000\040\000u\000n\000r\000e\000g\000e\000l\000m\000\344\000\337\000i\000g\000e\000r\000\040\000E\000n\000d\000u\000n\000g}{chapter.4}% 18
\BOOKMARK [1][-]{section.4.4}{\376\377\000R\000e\000l\000a\000t\000i\000v\000s\000\344\000t\000z\000e\000\040\000m\000i\000t\000\040\000q\000u\000e}{chapter.4}% 19
\BOOKMARK [1][-]{section.4.5}{\376\377\000D\000e\000s\000d\000e\000\040\000u\000n\000d\000\040\000d\000e\000s\000d\000e\000\040\000h\000a\000c\000e}{chapter.4}% 20
\BOOKMARK [1][-]{section.4.6}{\376\377\000I\000m\000p\000e\000r\000a\000t\000i\000v}{chapter.4}% 21
\BOOKMARK [1][-]{section.4.7}{\376\377\000V\000e\000r\000d\000o\000p\000p\000l\000u\000n\000g\000\040\000d\000e\000r\000\040\000O\000b\000j\000e\000k\000t\000p\000r\000o\000n\000o\000m\000e\000n}{chapter.4}% 22
\BOOKMARK [1][-]{section.4.8}{\376\377\000D\000i\000e\000\040\000V\000e\000r\000k\000l\000e\000i\000n\000e\000r\000u\000n\000g\000s\000f\000o\000r\000m\000\040\000-\000i\000t\000o\000,\000\040\000c\000i\000t\000o}{chapter.4}% 23
\BOOKMARK [1][-]{section.4.9}{\376\377\000P\000r\000\351\000t\000e\000r\000i\000t\000o\000\040\000I\000n\000d\000e\000f\000i\000n\000i\000d\000o}{chapter.4}% 24
\BOOKMARK [1][-]{section.4.10}{\376\377\000I\000n\000d\000e\000f\000i\000n\000i\000d\000o\000\040\000v\000s\000.\000\040\000p\000r\000e\000t\000\351\000r\000i\000t\000o\000\040\000p\000e\000r\000f\000e\000c\000t\000o}{chapter.4}% 25
\BOOKMARK [1][-]{section.4.11}{\376\377\000D\000a\000s\000\040\000f\000u\000t\000u\000r\000o\000\040\000s\000i\000m\000p\000l\000e}{chapter.4}% 26
\BOOKMARK [1][-]{section.4.12}{\376\377\000V\000e\000r\000g\000l\000e\000i\000c\000h\000e\000\040\000m\000i\000t\000\040\000d\000e\000m\000\040\000K\000o\000m\000p\000a\000r\000a\000t\000i\000v}{chapter.4}% 27
\BOOKMARK [1][-]{section.4.13}{\376\377\000V\000e\000r\000g\000l\000e\000i\000c\000h\000e\000\040\000m\000i\000t\000\040\000d\000e\000m\000\040\000S\000u\000p\000e\000r\000l\000a\000t\000i\000v}{chapter.4}% 28
\BOOKMARK [1][-]{section.4.14}{\376\377\000A\000d\000v\000e\000r\000b\000i\000e\000n}{chapter.4}% 29
\BOOKMARK [1][-]{section.4.15}{\376\377\000m\000u\000y\000\040\000u\000n\000d\000\040\000m\000u\000c\000h\000o}{chapter.4}% 30
\BOOKMARK [1][-]{section.4.16}{\376\377\000p\000o\000r\000\040\000u\000n\000d\000\040\000p\000a\000r\000a}{chapter.4}% 31
\BOOKMARK [1][-]{section.4.17}{\376\377\000B\000e\000f\000e\000h\000l\000s\000f\000o\000r\000m\000e\000n\000\040\000u\000n\000d\000\040\000P\000r\000o\000n\000o\000m\000e\000n}{chapter.4}% 32
\BOOKMARK [1][-]{section.4.18}{\376\377\000U\000n\000r\000e\000g\000e\000l\000m\000\344\000\337\000i\000g\000e\000\040\000B\000e\000f\000e\000h\000l\000s\000f\000o\000r\000m\000e\000n}{chapter.4}% 33
\BOOKMARK [1][-]{section.4.19}{\376\377\000C\000o\000n\000d\000i\000c\000i\000o\000n\000a\000l}{chapter.4}% 34
\BOOKMARK [1][-]{section.4.20}{\376\377\000P\000l\000u\000s\000q\000u\000a\000m\000p\000e\000r\000f\000e\000k\000t}{chapter.4}% 35
\BOOKMARK [1][-]{section.4.21}{\376\377\000D\000a\000s\000\040\000W\000o\000r\000t\000\040\000d\000e\000b\000e\000r}{chapter.4}% 36
\BOOKMARK [1][-]{section.4.22}{\376\377\000D\000i\000e\000\040\000E\000n\000d\000u\000n\000g\000\040\000-\000\355\000s\000i\000m\000o\000\040\000b\000e\000i\000\040\000A\000d\000j\000e\000k\000t\000i\000v\000e\000n}{chapter.4}% 37
\BOOKMARK [1][-]{section.4.23}{\376\377\000t\000r\000a\000e\000r\000\040\000u\000n\000d\000\040\000l\000l\000e\000v\000a\000r}{chapter.4}% 38
\BOOKMARK [1][-]{section.4.24}{\376\377\000D\000a\000s\000\040\000s\000u\000b\000j\000u\000n\000t\000i\000v\000o\000\040\000p\000r\000e\000s\000e\000n\000t\000e}{chapter.4}% 39
\BOOKMARK [1][-]{section.4.25}{\376\377\000N\000e\000u\000t\000r\000a\000l\000e\000\040\000D\000e\000m\000o\000n\000s\000t\000r\000a\000t\000i\000v\000p\000r\000o\000n\000o\000m\000e\000n}{chapter.4}% 40
\BOOKMARK [1][-]{section.4.26}{\376\377\000B\000e\000t\000o\000n\000t\000e\000\040\000P\000o\000s\000s\000e\000s\000i\000v\000p\000r\000o\000n\000o\000m\000e\000n}{chapter.4}% 41
\BOOKMARK [1][-]{section.4.27}{\376\377\000D\000a\000s\000\040\000i\000m\000p\000e\000r\000f\000e\000c\000t\000o}{chapter.4}% 42
\BOOKMARK [1][-]{section.4.28}{\376\377\000i\000m\000p\000e\000r\000f\000e\000c\000t\000o\000\040\000v\000s\000.\000\040\000i\000n\000d\000e\000f\000i\000n\000i\000d\000o}{chapter.4}% 43
\BOOKMARK [1][-]{section.4.29}{\376\377\000D\000a\000s\000\040\000c\000o\000n\000d\000i\000c\000i\000o\000n\000a\000l\000\040\000p\000e\000r\000f\000e\000c\000t\000o}{chapter.4}% 44
\BOOKMARK [1][-]{section.4.30}{\376\377\000T\000o\000d\000o\000\040\000u\000n\000d\000\040\000c\000a\000d\000a}{chapter.4}% 45
\BOOKMARK [1][-]{section.4.31}{\376\377\000D\000i\000e\000\040\000Z\000u\000k\000u\000n\000f\000t\000\040\000m\000i\000t\000\040\000i\000r}{chapter.4}% 46
\BOOKMARK [1][-]{section.4.32}{\376\377\000D\000i\000r\000e\000k\000t\000e\000\040\000v\000s\000.\000\040\000i\000n\000d\000i\000r\000e\000k\000t\000e\000\040\000O\000b\000j\000e\000k\000t\000p\000r\000o\000n\000o\000m\000e\000n}{chapter.4}% 47
\BOOKMARK [1][-]{section.4.33}{\376\377\000D\000i\000e\000\040\000V\000e\000r\000w\000e\000n\000d\000u\000n\000g\000\040\000v\000o\000n\000\040\000m\000i\000s\000m\000o}{chapter.4}% 48
\BOOKMARK [1][-]{section.4.34}{\376\377\000D\000e\000r\000\040\000r\000e\000a\000l\000e\000\040\000B\000e\000d\000i\000n\000g\000u\000n\000g\000s\000s\000a\000t\000z}{chapter.4}% 49
\BOOKMARK [1][-]{section.4.35}{\376\377\000m\000i\000e\000n\000t\000r\000a\000s\000,\000\040\000d\000u\000r\000a\000n\000t\000e\000\040\000u\000n\000d\000\040\000c\000u\000a\000n\000d\000o}{chapter.4}% 50
\BOOKMARK [1][-]{section.4.36}{\376\377\000V\000e\000r\000g\000l\000e\000i\000c\000h\000e\000\040\000b\000e\000i\000\040\000N\000o\000m\000e\000n}{chapter.4}% 51
\BOOKMARK [0][-]{chapter.5}{\376\377\000V\000e\000r\000b\000o\000s\000\040\000i\000r\000e\000g\000u\000l\000a\000r\000e\000s}{}% 52
\BOOKMARK [0][-]{chapter.6}{\376\377\000F\000r\000a\000s\000e\000s}{}% 53
\BOOKMARK [0][-]{chapter.7}{\376\377\000T\000e\000x\000t\000o\000s}{}% 54
\BOOKMARK [0][-]{chapter.8}{\376\377\000V\000o\000c\000a\000b\000u\000l\000a\000r\000i\000o}{}% 55
