This is pdfTeX, Version 3.141592653-2.6-1.40.25 (TeX Live 2023) (preloaded format=pdflatex 2023.6.24)  19 JAN 2024 16:38
entering extended mode
 restricted \write18 enabled.
 file:line:error style messages enabled.
 %&-line parsing enabled.
**c:/Users/lukas/Desktop/Habits/spanish/gramatica.tex
(c:/Users/lukas/Desktop/Habits/spanish/gramatica.tex
LaTeX2e <2023-06-01> patch level 1
L3 programming layer <2023-06-16>
(c:/texlive/2023/texmf-dist/tex/latex/base/book.cls
Document Class: book 2023/05/17 v1.4n Standard LaTeX document class
(c:/texlive/2023/texmf-dist/tex/latex/base/bk10.clo
File: bk10.clo 2023/05/17 v1.4n Standard LaTeX file (size option)
)
\c@part=\count185
\c@chapter=\count186
\c@section=\count187
\c@subsection=\count188
\c@subsubsection=\count189
\c@paragraph=\count190
\c@subparagraph=\count191
\c@figure=\count192
\c@table=\count193
\abovecaptionskip=\skip48
\belowcaptionskip=\skip49
\bibindent=\dimen140
) (c:/texlive/2023/texmf-dist/tex/latex/base/inputenc.sty
Package: inputenc 2021/02/14 v1.3d Input encoding file
\inpenc@prehook=\toks17
\inpenc@posthook=\toks18
) (c:/texlive/2023/texmf-dist/tex/generic/babel/babel.sty
Package: babel 2023/05/11 v3.89 The Babel package
\babel@savecnt=\count194
\U@D=\dimen141
\l@unhyphenated=\language87
 (c:/texlive/2023/texmf-dist/tex/generic/babel/txtbabel.def)
\bbl@readstream=\read2
\bbl@dirlevel=\count195
 (c:/texlive/2023/texmf-dist/tex/generic/babel-spanish/spanish.ldf
Language: spanish.ldf 2021/05/27 v5.0q Spanish support from the babel system
\es@quottoks=\toks19
\es@quotdepth=\count196
Package babel Info: Making " an active character on input line 570.
Package babel Info: Making . an active character on input line 675.
Package babel Info: Making < an active character on input line 722.
Package babel Info: Making > an active character on input line 722.
)) (c:/texlive/2023/texmf-dist/tex/generic/babel/locale/es/babel-spanish.tex
Package babel Info: Importing font and identification data for spanish
(babel)             from babel-es.ini. Reported on input line 11.
) (c:/texlive/2023/texmf-dist/tex/latex/base/fontenc.sty
Package: fontenc 2021/04/29 v2.0v Standard LaTeX package
) (c:/texlive/2023/texmf-dist/tex/latex/geometry/geometry.sty
Package: geometry 2020/01/02 v5.9 Page Geometry
 (c:/texlive/2023/texmf-dist/tex/latex/graphics/keyval.sty
Package: keyval 2022/05/29 v1.15 key=value parser (DPC)
\KV@toks@=\toks20
) (c:/texlive/2023/texmf-dist/tex/generic/iftex/ifvtex.sty
Package: ifvtex 2019/10/25 v1.7 ifvtex legacy package. Use iftex instead.
 (c:/texlive/2023/texmf-dist/tex/generic/iftex/iftex.sty
Package: iftex 2022/02/03 v1.0f TeX engine tests
))
\Gm@cnth=\count197
\Gm@cntv=\count198
\c@Gm@tempcnt=\count199
\Gm@bindingoffset=\dimen142
\Gm@wd@mp=\dimen143
\Gm@odd@mp=\dimen144
\Gm@even@mp=\dimen145
\Gm@layoutwidth=\dimen146
\Gm@layoutheight=\dimen147
\Gm@layouthoffset=\dimen148
\Gm@layoutvoffset=\dimen149
\Gm@dimlist=\toks21
) (c:/texlive/2023/texmf-dist/tex/latex/graphics/graphicx.sty
Package: graphicx 2021/09/16 v1.2d Enhanced LaTeX Graphics (DPC,SPQR)
 (c:/texlive/2023/texmf-dist/tex/latex/graphics/graphics.sty
Package: graphics 2022/03/10 v1.4e Standard LaTeX Graphics (DPC,SPQR)
 (c:/texlive/2023/texmf-dist/tex/latex/graphics/trig.sty
Package: trig 2021/08/11 v1.11 sin cos tan (DPC)
) (c:/texlive/2023/texmf-dist/tex/latex/graphics-cfg/graphics.cfg
File: graphics.cfg 2016/06/04 v1.11 sample graphics configuration
)
Package graphics Info: Driver file: pdftex.def on input line 107.
 (c:/texlive/2023/texmf-dist/tex/latex/graphics-def/pdftex.def
File: pdftex.def 2022/09/22 v1.2b Graphics/color driver for pdftex
))
\Gin@req@height=\dimen150
\Gin@req@width=\dimen151
) (c:/texlive/2023/texmf-dist/tex/latex/amsmath/amsmath.sty
Package: amsmath 2023/05/13 v2.17o AMS math features
\@mathmargin=\skip50

For additional information on amsmath, use the `?' option.
(c:/texlive/2023/texmf-dist/tex/latex/amsmath/amstext.sty
Package: amstext 2021/08/26 v2.01 AMS text
 (c:/texlive/2023/texmf-dist/tex/latex/amsmath/amsgen.sty
File: amsgen.sty 1999/11/30 v2.0 generic functions
\@emptytoks=\toks22
\ex@=\dimen152
)) (c:/texlive/2023/texmf-dist/tex/latex/amsmath/amsbsy.sty
Package: amsbsy 1999/11/29 v1.2d Bold Symbols
\pmbraise@=\dimen153
) (c:/texlive/2023/texmf-dist/tex/latex/amsmath/amsopn.sty
Package: amsopn 2022/04/08 v2.04 operator names
)
\inf@bad=\count266
LaTeX Info: Redefining \frac on input line 234.
\uproot@=\count267
\leftroot@=\count268
LaTeX Info: Redefining \overline on input line 399.
LaTeX Info: Redefining \colon on input line 410.
\classnum@=\count269
\DOTSCASE@=\count270
LaTeX Info: Redefining \ldots on input line 496.
LaTeX Info: Redefining \dots on input line 499.
LaTeX Info: Redefining \cdots on input line 620.
\Mathstrutbox@=\box51
\strutbox@=\box52
LaTeX Info: Redefining \big on input line 722.
LaTeX Info: Redefining \Big on input line 723.
LaTeX Info: Redefining \bigg on input line 724.
LaTeX Info: Redefining \Bigg on input line 725.
\big@size=\dimen154
LaTeX Font Info:    Redeclaring font encoding OML on input line 743.
LaTeX Font Info:    Redeclaring font encoding OMS on input line 744.
\macc@depth=\count271
LaTeX Info: Redefining \bmod on input line 905.
LaTeX Info: Redefining \pmod on input line 910.
LaTeX Info: Redefining \smash on input line 940.
LaTeX Info: Redefining \relbar on input line 970.
LaTeX Info: Redefining \Relbar on input line 971.
\c@MaxMatrixCols=\count272
\dotsspace@=\muskip16
\c@parentequation=\count273
\dspbrk@lvl=\count274
\tag@help=\toks23
\row@=\count275
\column@=\count276
\maxfields@=\count277
\andhelp@=\toks24
\eqnshift@=\dimen155
\alignsep@=\dimen156
\tagshift@=\dimen157
\tagwidth@=\dimen158
\totwidth@=\dimen159
\lineht@=\dimen160
\@envbody=\toks25
\multlinegap=\skip51
\multlinetaggap=\skip52
\mathdisplay@stack=\toks26
LaTeX Info: Redefining \[ on input line 2953.
LaTeX Info: Redefining \] on input line 2954.
) (c:/texlive/2023/texmf-dist/tex/latex/amsfonts/amssymb.sty
Package: amssymb 2013/01/14 v3.01 AMS font symbols
 (c:/texlive/2023/texmf-dist/tex/latex/amsfonts/amsfonts.sty
Package: amsfonts 2013/01/14 v3.01 Basic AMSFonts support
\symAMSa=\mathgroup4
\symAMSb=\mathgroup5
LaTeX Font Info:    Redeclaring math symbol \hbar on input line 98.
LaTeX Font Info:    Overwriting math alphabet `\mathfrak' in version `bold'
(Font)                  U/euf/m/n --> U/euf/b/n on input line 106.
)) (c:/texlive/2023/texmf-dist/tex/latex/enumitem/enumitem.sty
Package: enumitem 2019/06/20 v3.9 Customized lists
\labelindent=\skip53
\enit@outerparindent=\dimen161
\enit@toks=\toks27
\enit@inbox=\box53
\enit@count@id=\count278
\enitdp@description=\count279
) (c:/texlive/2023/texmf-dist/tex/latex/fancyhdr/fancyhdr.sty
Package: fancyhdr 2022/11/09 v4.1 Extensive control of page headers and footers
\f@nch@headwidth=\skip54
\f@nch@O@elh=\skip55
\f@nch@O@erh=\skip56
\f@nch@O@olh=\skip57
\f@nch@O@orh=\skip58
\f@nch@O@elf=\skip59
\f@nch@O@erf=\skip60
\f@nch@O@olf=\skip61
\f@nch@O@orf=\skip62
) (c:/texlive/2023/texmf-dist/tex/latex/titlesec/titlesec.sty
Package: titlesec 2021/07/05 v2.14 Sectioning titles
\ttl@box=\box54
\beforetitleunit=\skip63
\aftertitleunit=\skip64
\ttl@plus=\dimen162
\ttl@minus=\dimen163
\ttl@toksa=\toks28
\titlewidth=\dimen164
\titlewidthlast=\dimen165
\titlewidthfirst=\dimen166
) (c:/texlive/2023/texmf-dist/tex/latex/xcolor/xcolor.sty
Package: xcolor 2022/06/12 v2.14 LaTeX color extensions (UK)
 (c:/texlive/2023/texmf-dist/tex/latex/graphics-cfg/color.cfg
File: color.cfg 2016/01/02 v1.6 sample color configuration
)
Package xcolor Info: Driver file: pdftex.def on input line 227.
 (c:/texlive/2023/texmf-dist/tex/latex/graphics/mathcolor.ltx)
Package xcolor Info: Model `cmy' substituted by `cmy0' on input line 1353.
Package xcolor Info: Model `hsb' substituted by `rgb' on input line 1357.
Package xcolor Info: Model `RGB' extended on input line 1369.
Package xcolor Info: Model `HTML' substituted by `rgb' on input line 1371.
Package xcolor Info: Model `Hsb' substituted by `hsb' on input line 1372.
Package xcolor Info: Model `tHsb' substituted by `hsb' on input line 1373.
Package xcolor Info: Model `HSB' substituted by `hsb' on input line 1374.
Package xcolor Info: Model `Gray' substituted by `gray' on input line 1375.
Package xcolor Info: Model `wave' substituted by `hsb' on input line 1376.
) (c:/texlive/2023/texmf-dist/tex/latex/mdframed/mdframed.sty
Package: mdframed 2013/07/01 1.9b: mdframed
 (c:/texlive/2023/texmf-dist/tex/latex/kvoptions/kvoptions.sty
Package: kvoptions 2022-06-15 v3.15 Key value format for package options (HO)
 (c:/texlive/2023/texmf-dist/tex/generic/ltxcmds/ltxcmds.sty
Package: ltxcmds 2020-05-10 v1.25 LaTeX kernel commands for general use (HO)
) (c:/texlive/2023/texmf-dist/tex/latex/kvsetkeys/kvsetkeys.sty
Package: kvsetkeys 2022-10-05 v1.19 Key value parser (HO)
)) (c:/texlive/2023/texmf-dist/tex/latex/l3packages/xparse/xparse.sty (c:/texlive/2023/texmf-dist/tex/latex/l3kernel/expl3.sty
Package: expl3 2023-06-16 L3 programming layer (loader) 
 (c:/texlive/2023/texmf-dist/tex/latex/l3backend/l3backend-pdftex.def
File: l3backend-pdftex.def 2023-04-19 L3 backend support: PDF output (pdfTeX)
\l__color_backend_stack_int=\count280
\l__pdf_internal_box=\box55
))
Package: xparse 2023-02-02 L3 Experimental document command parser
) (c:/texlive/2023/texmf-dist/tex/latex/etoolbox/etoolbox.sty
Package: etoolbox 2020/10/05 v2.5k e-TeX tools for LaTeX (JAW)
\etb@tempcnta=\count281
) (c:/texlive/2023/texmf-dist/tex/latex/zref/zref-abspage.sty
Package: zref-abspage 2022-04-07 v2.34 Module abspage for zref (HO)
 (c:/texlive/2023/texmf-dist/tex/latex/zref/zref-base.sty
Package: zref-base 2022-04-07 v2.34 Module base for zref (HO)
 (c:/texlive/2023/texmf-dist/tex/generic/infwarerr/infwarerr.sty
Package: infwarerr 2019/12/03 v1.5 Providing info/warning/error messages (HO)
) (c:/texlive/2023/texmf-dist/tex/generic/kvdefinekeys/kvdefinekeys.sty
Package: kvdefinekeys 2019-12-19 v1.6 Define keys (HO)
) (c:/texlive/2023/texmf-dist/tex/generic/pdftexcmds/pdftexcmds.sty
Package: pdftexcmds 2020-06-27 v0.33 Utility functions of pdfTeX for LuaTeX (HO)
Package pdftexcmds Info: \pdf@primitive is available.
Package pdftexcmds Info: \pdf@ifprimitive is available.
Package pdftexcmds Info: \pdfdraftmode found.
) (c:/texlive/2023/texmf-dist/tex/generic/etexcmds/etexcmds.sty
Package: etexcmds 2019/12/15 v1.7 Avoid name clashes with e-TeX commands (HO)
) (c:/texlive/2023/texmf-dist/tex/latex/auxhook/auxhook.sty
Package: auxhook 2019-12-17 v1.6 Hooks for auxiliary files (HO)
)
Package zref Info: New property list: main on input line 767.
Package zref Info: New property: default on input line 768.
Package zref Info: New property: page on input line 769.
) (c:/texlive/2023/texmf-dist/tex/latex/base/atbegshi-ltx.sty
Package: atbegshi-ltx 2021/01/10 v1.0c Emulation of the original atbegshi
package with kernel methods
)
\c@abspage=\count282
Package zref Info: New property: abspage on input line 65.
) (c:/texlive/2023/texmf-dist/tex/latex/needspace/needspace.sty
Package: needspace 2010/09/12 v1.3d reserve vertical space
)
\mdf@templength=\skip65
\c@mdf@globalstyle@cnt=\count283
\mdf@skipabove@length=\skip66
\mdf@skipbelow@length=\skip67
\mdf@leftmargin@length=\skip68
\mdf@rightmargin@length=\skip69
\mdf@innerleftmargin@length=\skip70
\mdf@innerrightmargin@length=\skip71
\mdf@innertopmargin@length=\skip72
\mdf@innerbottommargin@length=\skip73
\mdf@splittopskip@length=\skip74
\mdf@splitbottomskip@length=\skip75
\mdf@outermargin@length=\skip76
\mdf@innermargin@length=\skip77
\mdf@linewidth@length=\skip78
\mdf@innerlinewidth@length=\skip79
\mdf@middlelinewidth@length=\skip80
\mdf@outerlinewidth@length=\skip81
\mdf@roundcorner@length=\skip82
\mdf@footenotedistance@length=\skip83
\mdf@userdefinedwidth@length=\skip84
\mdf@needspace@length=\skip85
\mdf@frametitleaboveskip@length=\skip86
\mdf@frametitlebelowskip@length=\skip87
\mdf@frametitlerulewidth@length=\skip88
\mdf@frametitleleftmargin@length=\skip89
\mdf@frametitlerightmargin@length=\skip90
\mdf@shadowsize@length=\skip91
\mdf@extratopheight@length=\skip92
\mdf@subtitleabovelinewidth@length=\skip93
\mdf@subtitlebelowlinewidth@length=\skip94
\mdf@subtitleaboveskip@length=\skip95
\mdf@subtitlebelowskip@length=\skip96
\mdf@subtitleinneraboveskip@length=\skip97
\mdf@subtitleinnerbelowskip@length=\skip98
\mdf@subsubtitleabovelinewidth@length=\skip99
\mdf@subsubtitlebelowlinewidth@length=\skip100
\mdf@subsubtitleaboveskip@length=\skip101
\mdf@subsubtitlebelowskip@length=\skip102
\mdf@subsubtitleinneraboveskip@length=\skip103
\mdf@subsubtitleinnerbelowskip@length=\skip104
 (c:/texlive/2023/texmf-dist/tex/latex/mdframed/md-frame-0.mdf
File: md-frame-0.mdf 2013/07/01\ 1.9b: md-frame-0
)
\mdf@frametitlebox=\box56
\mdf@footnotebox=\box57
\mdf@splitbox@one=\box58
\mdf@splitbox@two=\box59
\mdf@splitbox@save=\box60
\mdfsplitboxwidth=\skip105
\mdfsplitboxtotalwidth=\skip106
\mdfsplitboxheight=\skip107
\mdfsplitboxdepth=\skip108
\mdfsplitboxtotalheight=\skip109
\mdfframetitleboxwidth=\skip110
\mdfframetitleboxtotalwidth=\skip111
\mdfframetitleboxheight=\skip112
\mdfframetitleboxdepth=\skip113
\mdfframetitleboxtotalheight=\skip114
\mdffootnoteboxwidth=\skip115
\mdffootnoteboxtotalwidth=\skip116
\mdffootnoteboxheight=\skip117
\mdffootnoteboxdepth=\skip118
\mdffootnoteboxtotalheight=\skip119
\mdftotallinewidth=\skip120
\mdfboundingboxwidth=\skip121
\mdfboundingboxtotalwidth=\skip122
\mdfboundingboxheight=\skip123
\mdfboundingboxdepth=\skip124
\mdfboundingboxtotalheight=\skip125
\mdf@freevspace@length=\skip126
\mdf@horizontalwidthofbox@length=\skip127
\mdf@verticalmarginwhole@length=\skip128
\mdf@horizontalspaceofbox=\skip129
\mdfsubtitleheight=\skip130
\mdfsubsubtitleheight=\skip131
\c@mdfcountframes=\count284

****** mdframed patching \endmdf@trivlist

****** -- success******

\mdf@envdepth=\count285
\c@mdf@env@i=\count286
\c@mdf@env@ii=\count287
\c@mdf@zref@counter=\count288
Package zref Info: New property: mdf@pagevalue on input line 895.
) (c:/texlive/2023/texmf-dist/tex/latex/booktabs/booktabs.sty
Package: booktabs 2020/01/12 v1.61803398 Publication quality tables
\heavyrulewidth=\dimen167
\lightrulewidth=\dimen168
\cmidrulewidth=\dimen169
\belowrulesep=\dimen170
\belowbottomsep=\dimen171
\aboverulesep=\dimen172
\abovetopsep=\dimen173
\cmidrulesep=\dimen174
\cmidrulekern=\dimen175
\defaultaddspace=\dimen176
\@cmidla=\count289
\@cmidlb=\count290
\@aboverulesep=\dimen177
\@belowrulesep=\dimen178
\@thisruleclass=\count291
\@lastruleclass=\count292
\@thisrulewidth=\dimen179
) (c:/texlive/2023/texmf-dist/tex/latex/colortbl/colortbl.sty
Package: colortbl 2022/06/20 v1.0f Color table columns (DPC)
 (c:/texlive/2023/texmf-dist/tex/latex/tools/array.sty
Package: array 2022/09/04 v2.5g Tabular extension package (FMi)
\col@sep=\dimen180
\ar@mcellbox=\box61
\extrarowheight=\dimen181
\NC@list=\toks29
\extratabsurround=\skip132
\backup@length=\skip133
\ar@cellbox=\box62
)
\everycr=\toks30
\minrowclearance=\skip134
\rownum=\count293
) (c:/texlive/2023/texmf-dist/tex/latex/tools/tabularx.sty
Package: tabularx 2020/01/15 v2.11c `tabularx' package (DPC)
\TX@col@width=\dimen182
\TX@old@table=\dimen183
\TX@old@col=\dimen184
\TX@target=\dimen185
\TX@delta=\dimen186
\TX@cols=\count294
\TX@ftn=\toks31
) (c:/texlive/2023/texmf-dist/tex/latex/hyperref/hyperref.sty
Package: hyperref 2023-05-16 v7.00y Hypertext links for LaTeX
 (c:/texlive/2023/texmf-dist/tex/generic/pdfescape/pdfescape.sty
Package: pdfescape 2019/12/09 v1.15 Implements pdfTeX's escape features (HO)
) (c:/texlive/2023/texmf-dist/tex/latex/hycolor/hycolor.sty
Package: hycolor 2020-01-27 v1.10 Color options for hyperref/bookmark (HO)
) (c:/texlive/2023/texmf-dist/tex/latex/letltxmacro/letltxmacro.sty
Package: letltxmacro 2019/12/03 v1.6 Let assignment for LaTeX macros (HO)
) (c:/texlive/2023/texmf-dist/tex/latex/hyperref/nameref.sty
Package: nameref 2023-05-16 v2.51 Cross-referencing by name of section
 (c:/texlive/2023/texmf-dist/tex/latex/refcount/refcount.sty
Package: refcount 2019/12/15 v3.6 Data extraction from label references (HO)
) (c:/texlive/2023/texmf-dist/tex/generic/gettitlestring/gettitlestring.sty
Package: gettitlestring 2019/12/15 v1.6 Cleanup title references (HO)
)
\c@section@level=\count295
)
\@linkdim=\dimen187
\Hy@linkcounter=\count296
\Hy@pagecounter=\count297
 (c:/texlive/2023/texmf-dist/tex/latex/hyperref/pd1enc.def
File: pd1enc.def 2023-05-16 v7.00y Hyperref: PDFDocEncoding definition (HO)
Now handling font encoding PD1 ...
... no UTF-8 mapping file for font encoding PD1
) (c:/texlive/2023/texmf-dist/tex/generic/intcalc/intcalc.sty
Package: intcalc 2019/12/15 v1.3 Expandable calculations with integers (HO)
)
\Hy@SavedSpaceFactor=\count298
 (c:/texlive/2023/texmf-dist/tex/latex/hyperref/puenc.def
File: puenc.def 2023-05-16 v7.00y Hyperref: PDF Unicode definition (HO)
Now handling font encoding PU ...
... no UTF-8 mapping file for font encoding PU
)
Package hyperref Info: Hyper figures OFF on input line 4167.
Package hyperref Info: Link nesting OFF on input line 4172.
Package hyperref Info: Hyper index ON on input line 4175.
Package hyperref Info: Plain pages OFF on input line 4182.
Package hyperref Info: Backreferencing OFF on input line 4187.
Package hyperref Info: Implicit mode ON; LaTeX internals redefined.
Package hyperref Info: Bookmarks ON on input line 4434.
\c@Hy@tempcnt=\count299
 (c:/texlive/2023/texmf-dist/tex/latex/url/url.sty
\Urlmuskip=\muskip17
Package: url 2013/09/16  ver 3.4  Verb mode for urls, etc.
)
LaTeX Info: Redefining \url on input line 4772.
\XeTeXLinkMargin=\dimen188
 (c:/texlive/2023/texmf-dist/tex/generic/bitset/bitset.sty
Package: bitset 2019/12/09 v1.3 Handle bit-vector datatype (HO)
 (c:/texlive/2023/texmf-dist/tex/generic/bigintcalc/bigintcalc.sty
Package: bigintcalc 2019/12/15 v1.5 Expandable calculations on big integers (HO)
))
\Fld@menulength=\count300
\Field@Width=\dimen189
\Fld@charsize=\dimen190
Package hyperref Info: Hyper figures OFF on input line 6051.
Package hyperref Info: Link nesting OFF on input line 6056.
Package hyperref Info: Hyper index ON on input line 6059.
Package hyperref Info: backreferencing OFF on input line 6066.
Package hyperref Info: Link coloring OFF on input line 6071.
Package hyperref Info: Link coloring with OCG OFF on input line 6076.
Package hyperref Info: PDF/A mode OFF on input line 6081.
\Hy@abspage=\count301
\c@Item=\count302
\c@Hfootnote=\count303
)
Package hyperref Info: Driver (autodetected): hpdftex.
 (c:/texlive/2023/texmf-dist/tex/latex/hyperref/hpdftex.def
File: hpdftex.def 2023-05-16 v7.00y Hyperref driver for pdfTeX
 (c:/texlive/2023/texmf-dist/tex/latex/base/atveryend-ltx.sty
Package: atveryend-ltx 2020/08/19 v1.0a Emulation of the original atveryend package
with kernel methods
)
\HyAnn@Count=\count304
\Fld@listcount=\count305
\c@bookmark@seq@number=\count306
 (c:/texlive/2023/texmf-dist/tex/latex/rerunfilecheck/rerunfilecheck.sty
Package: rerunfilecheck 2022-07-10 v1.10 Rerun checks for auxiliary files (HO)
 (c:/texlive/2023/texmf-dist/tex/generic/uniquecounter/uniquecounter.sty
Package: uniquecounter 2019/12/15 v1.4 Provide unlimited unique counter (HO)
)
Package uniquecounter Info: New unique counter `rerunfilecheck' on input line 285.
)
\Hy@SectionHShift=\skip135
)
Package hyperref Info: Option `colorlinks' set `true' on input line 28.


LaTeX Warning: Unused global option(s):
    [14pt].

(build/gramatica.aux
LaTeX Info: Redefining \. on input line 23.
LaTeX Info: Redefining \% on input line 23.
 (build/repeat.aux) (build/a1_babbel.aux) (build/a2_babbel.aux) (build/verbos.aux) (build/frases.aux) (build/textos.aux) (build/vocabulario.aux))
\openout1 = `gramatica.aux'.

LaTeX Font Info:    Checking defaults for OML/cmm/m/it on input line 94.
LaTeX Font Info:    ... okay on input line 94.
LaTeX Font Info:    Checking defaults for OMS/cmsy/m/n on input line 94.
LaTeX Font Info:    ... okay on input line 94.
LaTeX Font Info:    Checking defaults for OT1/cmr/m/n on input line 94.
LaTeX Font Info:    ... okay on input line 94.
LaTeX Font Info:    Checking defaults for T1/cmr/m/n on input line 94.
LaTeX Font Info:    ... okay on input line 94.
LaTeX Font Info:    Checking defaults for TS1/cmr/m/n on input line 94.
LaTeX Font Info:    ... okay on input line 94.
LaTeX Font Info:    Checking defaults for OMX/cmex/m/n on input line 94.
LaTeX Font Info:    ... okay on input line 94.
LaTeX Font Info:    Checking defaults for U/cmr/m/n on input line 94.
LaTeX Font Info:    ... okay on input line 94.
LaTeX Font Info:    Checking defaults for PD1/pdf/m/n on input line 94.
LaTeX Font Info:    ... okay on input line 94.
LaTeX Font Info:    Checking defaults for PU/pdf/m/n on input line 94.
LaTeX Font Info:    ... okay on input line 94.
LaTeX Info: Redefining \. on input line 94.
LaTeX Info: Redefining \% on input line 94.

*geometry* driver: auto-detecting
*geometry* detected driver: pdftex
*geometry* verbose mode - [ preamble ] result:
* driver: pdftex
* paper: a4paper
* layout: <same size as paper>
* layoutoffset:(h,v)=(0.0pt,0.0pt)
* modes: twoside 
* h-part:(L,W,R)=(85.35826pt, 426.79135pt, 85.35826pt)
* v-part:(T,H,B)=(71.13188pt, 702.78308pt, 71.13188pt)
* \paperwidth=597.50787pt
* \paperheight=845.04684pt
* \textwidth=426.79135pt
* \textheight=702.78308pt
* \oddsidemargin=13.08827pt
* \evensidemargin=13.08827pt
* \topmargin=-31.2056pt
* \headheight=12.0pt
* \headsep=18.06749pt
* \topskip=10.0pt
* \footskip=25.29494pt
* \marginparwidth=115.0pt
* \marginparsep=7.0pt
* \columnsep=10.0pt
* \skip\footins=9.0pt plus 4.0pt minus 2.0pt
* \hoffset=0.0pt
* \voffset=0.0pt
* \mag=1000
* \@twocolumnfalse
* \@twosidetrue
* \@mparswitchtrue
* \@reversemarginfalse
* (1in=72.27pt=25.4mm, 1cm=28.453pt)

(c:/texlive/2023/texmf-dist/tex/context/base/mkii/supp-pdf.mkii
[Loading MPS to PDF converter (version 2006.09.02).]
\scratchcounter=\count307
\scratchdimen=\dimen191
\scratchbox=\box63
\nofMPsegments=\count308
\nofMParguments=\count309
\everyMPshowfont=\toks32
\MPscratchCnt=\count310
\MPscratchDim=\dimen192
\MPnumerator=\count311
\makeMPintoPDFobject=\count312
\everyMPtoPDFconversion=\toks33
) (c:/texlive/2023/texmf-dist/tex/latex/epstopdf-pkg/epstopdf-base.sty
Package: epstopdf-base 2020-01-24 v2.11 Base part for package epstopdf
Package epstopdf-base Info: Redefining graphics rule for `.eps' on input line 485.
 (c:/texlive/2023/texmf-dist/tex/latex/latexconfig/epstopdf-sys.cfg
File: epstopdf-sys.cfg 2010/07/13 v1.3 Configuration of (r)epstopdf for TeX Live
))
Package hyperref Info: Link coloring ON on input line 94.
 (build/gramatica.out) (build/gramatica.out)
\@outlinefile=\write3
\openout3 = `gramatica.out'.

LaTeX Font Info:    Trying to load font information for U+msa on input line 97.
 (c:/texlive/2023/texmf-dist/tex/latex/amsfonts/umsa.fd
File: umsa.fd 2013/01/14 v3.01 AMS symbols A
)
LaTeX Font Info:    Trying to load font information for U+msb on input line 97.
 (c:/texlive/2023/texmf-dist/tex/latex/amsfonts/umsb.fd
File: umsb.fd 2013/01/14 v3.01 AMS symbols B
) [1


{c:/texlive/2023/texmf-var/fonts/map/pdftex/updmap/pdftex.map}{c:/texlive/2023/texmf-dist/fonts/enc/dvips/cm-super/cm-super-t1.enc}] (build/gramatica.toc)
\tf@toc=\write4
\openout4 = `gramatica.toc'.

 [2

]
\openout2 = `repeat.aux'.

 (./repeat.tex
Cap\'{\i }tulo 1.
) [3


]
\openout2 = `a1_babbel.aux'.

 (./a1_babbel.tex
Cap\'{\i }tulo 2.
Package mdframed Info: mdframed works in twoside mode on input line 9.
Package mdframed Info: mdframed works in twoside mode on input line 16.
Package mdframed Info: mdframed works in twoside mode on input line 25.
[4




]
Package mdframed Info: mdframed works in twoside mode on input line 40.
Package mdframed Info: mdframed works in twoside mode on input line 50.
Package mdframed Info: mdframed works in twoside mode on input line 58.
Package mdframed Info: mdframed works in twoside mode on input line 69.
Package mdframed Info: mdframed works in twoside mode on input line 78.
Package mdframed Info: Box was splittet wrong
 starting loop to iterate the splitting point
(mdframed)              on input line 81.
LaTeX Info: Redefining \. on input line 81.
LaTeX Info: Redefining \% on input line 81.


Package fancyhdr Warning: \headheight is too small (12.0pt): 
(fancyhdr)                Make it at least 12.1638pt, for example:
(fancyhdr)                \setlength{\headheight}{12.1638pt}.
(fancyhdr)                You might also make \topmargin smaller to compensate:
(fancyhdr)                \addtolength{\topmargin}{-0.1638pt}.

[5]
Package mdframed Info: mdframed works in twoside mode on input line 85.
Package mdframed Info: mdframed works in twoside mode on input line 94.
Package mdframed Info: mdframed works in twoside mode on input line 103.
Package mdframed Info: mdframed works in twoside mode on input line 108.
Package mdframed Info: mdframed works in twoside mode on input line 115.
Package mdframed Info: mdframed works in twoside mode on input line 119.
LaTeX Info: Redefining \. on input line 121.
LaTeX Info: Redefining \% on input line 121.


Package fancyhdr Warning: \headheight is too small (12.0pt): 
(fancyhdr)                Make it at least 12.1638pt, for example:
(fancyhdr)                \setlength{\headheight}{12.1638pt}.
(fancyhdr)                You might also make \topmargin smaller to compensate:
(fancyhdr)                \addtolength{\topmargin}{-0.1638pt}.

[6]
Package mdframed Info: Not enough space on this page on input line 121.
Package mdframed Info: mdframed works in twoside mode on input line 123.
Package mdframed Info: mdframed works in twoside mode on input line 128.
Package mdframed Info: mdframed works in twoside mode on input line 138.
Package mdframed Info: mdframed works in twoside mode on input line 151.
LaTeX Info: Redefining \. on input line 159.
LaTeX Info: Redefining \% on input line 159.


Package fancyhdr Warning: \headheight is too small (12.0pt): 
(fancyhdr)                Make it at least 12.1638pt, for example:
(fancyhdr)                \setlength{\headheight}{12.1638pt}.
(fancyhdr)                You might also make \topmargin smaller to compensate:
(fancyhdr)                \addtolength{\topmargin}{-0.1638pt}.

[7{c:/texlive/2023/texmf-dist/fonts/enc/dvips/cm-super/cm-super-ts1.enc}]
Package mdframed Info: mdframed works in twoside mode on input line 159.
Package mdframed Info: mdframed works in twoside mode on input line 164.
Package mdframed Info: mdframed works in twoside mode on input line 168.
Package mdframed Info: mdframed works in twoside mode on input line 176.
Package mdframed Info: mdframed works in twoside mode on input line 184.
Package mdframed Info: mdframed works in twoside mode on input line 194.
LaTeX Info: Redefining \. on input line 198.
LaTeX Info: Redefining \% on input line 198.


Package fancyhdr Warning: \headheight is too small (12.0pt): 
(fancyhdr)                Make it at least 12.1638pt, for example:
(fancyhdr)                \setlength{\headheight}{12.1638pt}.
(fancyhdr)                You might also make \topmargin smaller to compensate:
(fancyhdr)                \addtolength{\topmargin}{-0.1638pt}.

[8]
Package mdframed Info: mdframed works in twoside mode on input line 203.
)
LaTeX Info: Redefining \. on input line 99.
LaTeX Info: Redefining \% on input line 99.


Package fancyhdr Warning: \headheight is too small (12.0pt): 
(fancyhdr)                Make it at least 12.1638pt, for example:
(fancyhdr)                \setlength{\headheight}{12.1638pt}.
(fancyhdr)                You might also make \topmargin smaller to compensate:
(fancyhdr)                \addtolength{\topmargin}{-0.1638pt}.

[9]
\openout2 = `a2_babbel.aux'.

 (./a2_babbel.tex
Cap\'{\i }tulo 3.
Package mdframed Info: mdframed works in twoside mode on input line 8.
Package mdframed Info: mdframed works in twoside mode on input line 16.
Package mdframed Info: mdframed works in twoside mode on input line 23.
Package mdframed Info: Box was splittet wrong
 starting loop to iterate the splitting point
(mdframed)              on input line 31.
[10




]
Package mdframed Info: mdframed works in twoside mode on input line 35.
Package mdframed Info: mdframed works in twoside mode on input line 41.
Package mdframed Info: mdframed works in twoside mode on input line 48.
Package mdframed Info: mdframed works in twoside mode on input line 54.
Package mdframed Info: mdframed works in twoside mode on input line 63.
Package mdframed Info: mdframed works in twoside mode on input line 71.
LaTeX Info: Redefining \. on input line 75.
LaTeX Info: Redefining \% on input line 75.


Package fancyhdr Warning: \headheight is too small (12.0pt): 
(fancyhdr)                Make it at least 12.1638pt, for example:
(fancyhdr)                \setlength{\headheight}{12.1638pt}.
(fancyhdr)                You might also make \topmargin smaller to compensate:
(fancyhdr)                \addtolength{\topmargin}{-0.1638pt}.

[11]
Package mdframed Info: Not enough space on this page on input line 75.
Package mdframed Info: mdframed works in twoside mode on input line 78.
Package mdframed Info: mdframed works in twoside mode on input line 87.
Package mdframed Info: mdframed works in twoside mode on input line 98.
Package mdframed Info: mdframed works in twoside mode on input line 104.
Package mdframed Info: mdframed works in twoside mode on input line 111.
LaTeX Info: Redefining \. on input line 115.
LaTeX Info: Redefining \% on input line 115.


Package fancyhdr Warning: \headheight is too small (12.0pt): 
(fancyhdr)                Make it at least 12.1638pt, for example:
(fancyhdr)                \setlength{\headheight}{12.1638pt}.
(fancyhdr)                You might also make \topmargin smaller to compensate:
(fancyhdr)                \addtolength{\topmargin}{-0.1638pt}.

[12]
Package mdframed Info: Not enough space on this page on input line 115.
Package mdframed Info: mdframed works in twoside mode on input line 121.
Package mdframed Info: mdframed works in twoside mode on input line 126.
Package mdframed Info: mdframed works in twoside mode on input line 132.
Package mdframed Info: mdframed works in twoside mode on input line 137.
Package mdframed Info: mdframed works in twoside mode on input line 143.
Package mdframed Info: mdframed works in twoside mode on input line 150.
Package mdframed Info: Not enough space on this page on input line 152.
LaTeX Info: Redefining \. on input line 152.
LaTeX Info: Redefining \% on input line 152.


Package fancyhdr Warning: \headheight is too small (12.0pt): 
(fancyhdr)                Make it at least 12.1638pt, for example:
(fancyhdr)                \setlength{\headheight}{12.1638pt}.
(fancyhdr)                You might also make \topmargin smaller to compensate:
(fancyhdr)                \addtolength{\topmargin}{-0.1638pt}.

[13]
Package mdframed Info: Not enough space on this page on input line 152.
Package mdframed Info: mdframed works in twoside mode on input line 155.
Package mdframed Info: mdframed works in twoside mode on input line 161.
Package mdframed Info: mdframed works in twoside mode on input line 171.
Package mdframed Info: mdframed works in twoside mode on input line 178.

Underfull \hbox (badness 10000) in paragraph at lines 185--186

 []

Package mdframed Info: mdframed works in twoside mode on input line 190.
LaTeX Info: Redefining \. on input line 193.
LaTeX Info: Redefining \% on input line 193.

Package fancyhdr Warning: \headheight is too small (12.0pt): 
(fancyhdr)                Make it at least 12.1638pt, for example:
(fancyhdr)                \setlength{\headheight}{12.1638pt}.
(fancyhdr)                You might also make \topmargin smaller to compensate:
(fancyhdr)                \addtolength{\topmargin}{-0.1638pt}.

[14]
Package mdframed Info: Not enough space on this page on input line 193.
Package mdframed Info: mdframed works in twoside mode on input line 196.
Package mdframed Info: mdframed works in twoside mode on input line 203.
Package mdframed Info: mdframed works in twoside mode on input line 213.
Package mdframed Info: mdframed works in twoside mode on input line 220.
Package mdframed Info: mdframed works in twoside mode on input line 226.
Package mdframed Info: mdframed works in twoside mode on input line 230.
LaTeX Info: Redefining \. on input line 232.
LaTeX Info: Redefining \% on input line 232.


Package fancyhdr Warning: \headheight is too small (12.0pt): 
(fancyhdr)                Make it at least 12.1638pt, for example:
(fancyhdr)                \setlength{\headheight}{12.1638pt}.
(fancyhdr)                You might also make \topmargin smaller to compensate:
(fancyhdr)                \addtolength{\topmargin}{-0.1638pt}.

[15]
Package mdframed Info: Not enough space on this page on input line 232.

Overfull \hbox (1.37912pt too wide) in paragraph at lines 234--236
[]\T1/cmr/m/n/10 Die Ver-klei-ne-rungs-form bei Ad-ver-bien bleibt un-ve-rän-der-lich und en-det im-mer auf \T1/cmr/m/it/10 -ito/-ita\T1/cmr/m/n/10 .                   
 []

Package mdframed Info: mdframed works in twoside mode on input line 236.
Package mdframed Info: mdframed works in twoside mode on input line 245.
Package mdframed Info: mdframed works in twoside mode on input line 250.
Package mdframed Info: mdframed works in twoside mode on input line 259.
LaTeX Info: Redefining \. on input line 266.
LaTeX Info: Redefining \% on input line 266.

Package fancyhdr Warning: \headheight is too small (12.0pt): 
(fancyhdr)                Make it at least 12.1638pt, for example:
(fancyhdr)                \setlength{\headheight}{12.1638pt}.
(fancyhdr)                You might also make \topmargin smaller to compensate:
(fancyhdr)                \addtolength{\topmargin}{-0.1638pt}.

[16]
Package mdframed Info: mdframed works in twoside mode on input line 270.
Package mdframed Info: mdframed works in twoside mode on input line 282.
Package mdframed Info: mdframed works in twoside mode on input line 295.
Package mdframed Info: mdframed works in twoside mode on input line 302.


Package mdframed Warning: You got a bad break
(mdframed)                because the last box will be empty
(mdframed)                you have to change it manually
(mdframed)                by changing the text, the space
(mdframed)                or something else on input line 306.

LaTeX Info: Redefining \. on input line 306.
LaTeX Info: Redefining \% on input line 306.

Package fancyhdr Warning: \headheight is too small (12.0pt): 
(fancyhdr)                Make it at least 12.1638pt, for example:
(fancyhdr)                \setlength{\headheight}{12.1638pt}.
(fancyhdr)                You might also make \topmargin smaller to compensate:
(fancyhdr)                \addtolength{\topmargin}{-0.1638pt}.

[17]
Package mdframed Info: mdframed works in twoside mode on input line 309.
Package mdframed Info: mdframed works in twoside mode on input line 316.
Package mdframed Info: mdframed works in twoside mode on input line 322.
Package mdframed Info: mdframed works in twoside mode on input line 328.
Package mdframed Info: mdframed works in twoside mode on input line 334.
Package mdframed Info: mdframed works in twoside mode on input line 340.
LaTeX Info: Redefining \. on input line 347.
LaTeX Info: Redefining \% on input line 347.


Package fancyhdr Warning: \headheight is too small (12.0pt): 
(fancyhdr)                Make it at least 12.1638pt, for example:
(fancyhdr)                \setlength{\headheight}{12.1638pt}.
(fancyhdr)                You might also make \topmargin smaller to compensate:
(fancyhdr)                \addtolength{\topmargin}{-0.1638pt}.

[18]
Package mdframed Info: mdframed works in twoside mode on input line 353.
Package mdframed Info: mdframed works in twoside mode on input line 359.
Package mdframed Info: mdframed works in twoside mode on input line 365.
Package mdframed Info: mdframed works in twoside mode on input line 374.
Package mdframed Info: mdframed works in twoside mode on input line 380.
Package mdframed Info: mdframed works in twoside mode on input line 386.
LaTeX Info: Redefining \. on input line 389.
LaTeX Info: Redefining \% on input line 389.


Package fancyhdr Warning: \headheight is too small (12.0pt): 
(fancyhdr)                Make it at least 12.1638pt, for example:
(fancyhdr)                \setlength{\headheight}{12.1638pt}.
(fancyhdr)                You might also make \topmargin smaller to compensate:
(fancyhdr)                \addtolength{\topmargin}{-0.1638pt}.

[19]
Package mdframed Info: Not enough space on this page on input line 389.
Package mdframed Info: mdframed works in twoside mode on input line 393.
Package mdframed Info: mdframed works in twoside mode on input line 396.
Package mdframed Info: mdframed works in twoside mode on input line 401.
Package mdframed Info: mdframed works in twoside mode on input line 404.
Package mdframed Info: mdframed works in twoside mode on input line 410.
Package mdframed Info: mdframed works in twoside mode on input line 418.
LaTeX Info: Redefining \. on input line 425.
LaTeX Info: Redefining \% on input line 425.


Package fancyhdr Warning: \headheight is too small (12.0pt): 
(fancyhdr)                Make it at least 12.1638pt, for example:
(fancyhdr)                \setlength{\headheight}{12.1638pt}.
(fancyhdr)                You might also make \topmargin smaller to compensate:
(fancyhdr)                \addtolength{\topmargin}{-0.1638pt}.

[20]
Package mdframed Info: mdframed works in twoside mode on input line 425.
Package mdframed Info: mdframed works in twoside mode on input line 432.
Package mdframed Info: mdframed works in twoside mode on input line 439.
Package mdframed Info: mdframed works in twoside mode on input line 445.
Package mdframed Info: mdframed works in twoside mode on input line 452.
Package mdframed Info: mdframed works in twoside mode on input line 458.
Package mdframed Info: Box was splittet wrong
 starting loop to iterate the splitting point
(mdframed)              on input line 461.
LaTeX Info: Redefining \. on input line 461.
LaTeX Info: Redefining \% on input line 461.


Package fancyhdr Warning: \headheight is too small (12.0pt): 
(fancyhdr)                Make it at least 12.1638pt, for example:
(fancyhdr)                \setlength{\headheight}{12.1638pt}.
(fancyhdr)                You might also make \topmargin smaller to compensate:
(fancyhdr)                \addtolength{\topmargin}{-0.1638pt}.

[21]
Package mdframed Info: mdframed works in twoside mode on input line 465.

Underfull \hbox (badness 10000) in paragraph at lines 469--471

 []

Package mdframed Info: mdframed works in twoside mode on input line 471.

Underfull \hbox (badness 10000) in paragraph at lines 476--478

 []

Package mdframed Info: mdframed works in twoside mode on input line 478.
Package mdframed Info: mdframed works in twoside mode on input line 483.

Overfull \hbox (1.96176pt too wide) in paragraph at lines 489--492
\T1/cmr/m/n/10 Um \T1/cmr/bx/n/10 Zweck\T1/cmr/m/n/10 , \T1/cmr/bx/n/10 Emp-fän-ger \T1/cmr/m/n/10 oder \T1/cmr/bx/n/10 Zie-lort \T1/cmr/m/n/10 aus-zu-drüc-ken, ver-wen-det man die Prä-po-si-tion \T1/cmr/m/it/10 pa-ra\T1/cmr/m/n/10 .                   
 []

Package mdframed Info: mdframed works in twoside mode on input line 492.
Package mdframed Info: mdframed works in twoside mode on input line 500.
LaTeX Info: Redefining \. on input line 505.
LaTeX Info: Redefining \% on input line 505.

Package fancyhdr Warning: \headheight is too small (12.0pt): 
(fancyhdr)                Make it at least 12.1638pt, for example:
(fancyhdr)                \setlength{\headheight}{12.1638pt}.
(fancyhdr)                You might also make \topmargin smaller to compensate:
(fancyhdr)                \addtolength{\topmargin}{-0.1638pt}.

[22]
Package mdframed Info: mdframed works in twoside mode on input line 509.
Package mdframed Info: mdframed works in twoside mode on input line 516.
Package mdframed Info: mdframed works in twoside mode on input line 524.
Package mdframed Info: mdframed works in twoside mode on input line 530.

Underfull \hbox (badness 10000) in paragraph at lines 534--536

 []

Package mdframed Info: mdframed works in twoside mode on input line 536.
LaTeX Info: Redefining \. on input line 538.
LaTeX Info: Redefining \% on input line 538.

Package fancyhdr Warning: \headheight is too small (12.0pt): 
(fancyhdr)                Make it at least 12.1638pt, for example:
(fancyhdr)                \setlength{\headheight}{12.1638pt}.
(fancyhdr)                You might also make \topmargin smaller to compensate:
(fancyhdr)                \addtolength{\topmargin}{-0.1638pt}.

[23]
Package mdframed Info: Not enough space on this page on input line 538.
Package mdframed Info: mdframed works in twoside mode on input line 542.
Package mdframed Info: mdframed works in twoside mode on input line 549.
Package mdframed Info: mdframed works in twoside mode on input line 554.
Package mdframed Info: mdframed works in twoside mode on input line 559.
Package mdframed Info: mdframed works in twoside mode on input line 564.
Package mdframed Info: mdframed works in twoside mode on input line 568.


Package mdframed Warning: You got a bad break
(mdframed)                because the last box will be empty
(mdframed)                you have to change it manually
(mdframed)                by changing the text, the space
(mdframed)                or something else on input line 575.

Package mdframed Info: Box was splittet wrong
 starting loop to iterate the splitting point
(mdframed)              on input line 575.
LaTeX Info: Redefining \. on input line 575.
LaTeX Info: Redefining \% on input line 575.

Package fancyhdr Warning: \headheight is too small (12.0pt): 
(fancyhdr)                Make it at least 12.1638pt, for example:
(fancyhdr)                \setlength{\headheight}{12.1638pt}.
(fancyhdr)                You might also make \topmargin smaller to compensate:
(fancyhdr)                \addtolength{\topmargin}{-0.1638pt}.

[24]
Package mdframed Info: mdframed works in twoside mode on input line 581.
Package mdframed Info: mdframed works in twoside mode on input line 589.
Package mdframed Info: mdframed works in twoside mode on input line 596.
Package mdframed Info: mdframed works in twoside mode on input line 599.
Package mdframed Info: mdframed works in twoside mode on input line 610.
Package mdframed Info: mdframed works in twoside mode on input line 615.
Package mdframed Info: Not enough space on this page on input line 617.
LaTeX Info: Redefining \. on input line 617.
LaTeX Info: Redefining \% on input line 617.


Package fancyhdr Warning: \headheight is too small (12.0pt): 
(fancyhdr)                Make it at least 12.1638pt, for example:
(fancyhdr)                \setlength{\headheight}{12.1638pt}.
(fancyhdr)                You might also make \topmargin smaller to compensate:
(fancyhdr)                \addtolength{\topmargin}{-0.1638pt}.

[25]
Package mdframed Info: Not enough space on this page on input line 617.

Overfull \hbox (18.11356pt too wide) in paragraph at lines 618--621
\T1/cmr/m/n/10 Wird \T1/cmr/m/it/10 de-ber \T1/cmr/m/n/10 allein oh-ne an-de-re Ver-ben in der Grund-form ver-wen-det, so kann es auch $[]$
 []

Package mdframed Info: mdframed works in twoside mode on input line 621.
Package mdframed Info: mdframed works in twoside mode on input line 631.
Package mdframed Info: mdframed works in twoside mode on input line 638.
Package mdframed Info: mdframed works in twoside mode on input line 644.
Package mdframed Info: mdframed works in twoside mode on input line 655.
LaTeX Info: Redefining \. on input line 663.
LaTeX Info: Redefining \% on input line 663.

Package fancyhdr Warning: \headheight is too small (12.0pt): 
(fancyhdr)                Make it at least 12.1638pt, for example:
(fancyhdr)                \setlength{\headheight}{12.1638pt}.
(fancyhdr)                You might also make \topmargin smaller to compensate:
(fancyhdr)                \addtolength{\topmargin}{-0.1638pt}.

[26]
Package mdframed Info: mdframed works in twoside mode on input line 663.
Package mdframed Info: mdframed works in twoside mode on input line 675.
Package mdframed Info: mdframed works in twoside mode on input line 682.
Package mdframed Info: mdframed works in twoside mode on input line 688.
Package mdframed Info: mdframed works in twoside mode on input line 693.
LaTeX Info: Redefining \. on input line 704.
LaTeX Info: Redefining \% on input line 704.


Package fancyhdr Warning: \headheight is too small (12.0pt): 
(fancyhdr)                Make it at least 12.1638pt, for example:
(fancyhdr)                \setlength{\headheight}{12.1638pt}.
(fancyhdr)                You might also make \topmargin smaller to compensate:
(fancyhdr)                \addtolength{\topmargin}{-0.1638pt}.

[27]
Package mdframed Info: mdframed works in twoside mode on input line 704.
Package mdframed Info: mdframed works in twoside mode on input line 717.
Package mdframed Info: mdframed works in twoside mode on input line 724.
Package mdframed Info: mdframed works in twoside mode on input line 728.
Package mdframed Info: mdframed works in twoside mode on input line 738.
LaTeX Info: Redefining \. on input line 742.
LaTeX Info: Redefining \% on input line 742.


Package fancyhdr Warning: \headheight is too small (12.0pt): 
(fancyhdr)                Make it at least 12.1638pt, for example:
(fancyhdr)                \setlength{\headheight}{12.1638pt}.
(fancyhdr)                You might also make \topmargin smaller to compensate:
(fancyhdr)                \addtolength{\topmargin}{-0.1638pt}.

[28]
Package mdframed Info: Not enough space on this page on input line 742.
Package mdframed Info: mdframed works in twoside mode on input line 745.
Package mdframed Info: mdframed works in twoside mode on input line 752.
Package mdframed Info: mdframed works in twoside mode on input line 759.
Package mdframed Info: mdframed works in twoside mode on input line 766.

Underfull \hbox (badness 10000) in paragraph at lines 772--776

 []

Package mdframed Info: mdframed works in twoside mode on input line 776.
LaTeX Info: Redefining \. on input line 781.
LaTeX Info: Redefining \% on input line 781.

Package fancyhdr Warning: \headheight is too small (12.0pt): 
(fancyhdr)                Make it at least 12.1638pt, for example:
(fancyhdr)                \setlength{\headheight}{12.1638pt}.
(fancyhdr)                You might also make \topmargin smaller to compensate:
(fancyhdr)                \addtolength{\topmargin}{-0.1638pt}.

[29]
Package mdframed Info: mdframed works in twoside mode on input line 781.
Package mdframed Info: mdframed works in twoside mode on input line 790.
Package mdframed Info: mdframed works in twoside mode on input line 802.


LaTeX Warning: Reference `mdf@pagelabel-141' on page 30 undefined on input line 804.

Package mdframed Info: mdframed works in twoside mode on input line 807.

LaTeX Warning: Reference `mdf@pagelabel-142' on page 30 undefined on input line 809.

./a2_babbel.tex:812: Missing \endcsname inserted.
<to be read again> 
                   \protect 
l.812 \begin{\ejemplos}
                       
The control sequence marked <to be read again> should
not appear between \csname and \endcsname.

./a2_babbel.tex:812: Missing \endcsname inserted.
<to be read again> 
                   \protect 
l.812 \begin{\ejemplos}
                       
The control sequence marked <to be read again> should
not appear between \csname and \endcsname.


./a2_babbel.tex:812: LaTeX Error: Environment \begin {mdframed}[backgroundcolor=blue!20, skipabove=\baselineskip , skipbelow=\baselineskip , leftmargin=-10, rightmargin=-10, innerleftmargin=10, innerrightmargin=10, innertopmargin=10, innerbottommargin=10] \textbf {\large Ejemplos} \begin {itemize}[label={}, leftmargin=*]  undefined.

See the LaTeX manual or LaTeX Companion for explanation.
Type  H <return>  for immediate help.
 ...                                              
                                                  
l.812 \begin{\ejemplos}
                       
Your command was ignored.
Type  I <command> <return>  to replace it with another command,
or  <return>  to continue without it.


./a2_babbel.tex:813: LaTeX Error: Lonely \item--perhaps a missing list environment.

See the LaTeX manual or LaTeX Companion for explanation.
Type  H <return>  for immediate help.
 ...                                              
                                                  
l.813     \item E
                 staba hablando con Ana cuando empez\'o el partido.
Try typing  <return>  to proceed.
If that doesn't work, type  X <return>  to quit.


Underfull \hbox (badness 10000) detected at line 813
[][]
 []


./a2_babbel.tex:814: LaTeX Error: Lonely \item--perhaps a missing list environment.

See the LaTeX manual or LaTeX Companion for explanation.
Type  H <return>  for immediate help.
 ...                                              
                                                  
l.814     \item A
                 noche est\'abamos viendo la tele cuando lleg\'o Roberto.
Try typing  <return>  to proceed.
If that doesn't work, type  X <return>  to quit.


Underfull \hbox (badness 10000) detected at line 814
[][]
 []

./a2_babbel.tex:815: Undefined control sequence.
\enit@enditemize ->\enit@after 
                               \endlist \ifx \enit@series \relax \else \ifnu...
l.815 \end{ejemplos}
                    
The control sequence at the end of the top line
of your error message was never \def'ed. If you have
misspelled it (e.g., `\hobx'), type `I' and the correct
spelling (e.g., `I\hbox'). Otherwise just continue,
and I'll forget about whatever was undefined.

./a2_babbel.tex:815: Undefined control sequence.
\enit@enditemize ...x \else \ifnum \enit@resuming 
                                                  =\@ne \enit@setresumekeys ...
l.815 \end{ejemplos}
                    
The control sequence at the end of the top line
of your error message was never \def'ed. If you have
misspelled it (e.g., `\hobx'), type `I' and the correct
spelling (e.g., `I\hbox'). Otherwise just continue,
and I'll forget about whatever was undefined.

./a2_babbel.tex:815: Missing number, treated as zero.
<to be read again> 
                   =
l.815 \end{ejemplos}
                    
A number should have been here; I inserted `0'.
(If you can't figure out why I needed to see a number,
look up `weird error' in the index to The TeXbook.)

./a2_babbel.tex:815: Undefined control sequence.
\enit@setresumekeys ...xpandafter {\enit@savekeys 
                                                  }\xdef \enit@afterlist {#2...
l.815 \end{ejemplos}
                    
The control sequence at the end of the top line
of your error message was never \def'ed. If you have
misspelled it (e.g., `\hobx'), type `I' and the correct
spelling (e.g., `I\hbox'). Otherwise just continue,
and I'll forget about whatever was undefined.

./a2_babbel.tex:815: Undefined control sequence.
\enit@setresumekeys ...it@toks }\ifnum \enit@type 
                                                  =\z@ #3\def \enit@noexcs {...
l.815 \end{ejemplos}
                    
The control sequence at the end of the top line
of your error message was never \def'ed. If you have
misspelled it (e.g., `\hobx'), type `I' and the correct
spelling (e.g., `I\hbox'). Otherwise just continue,
and I'll forget about whatever was undefined.

./a2_babbel.tex:815: Missing number, treated as zero.
<to be read again> 
                   =
l.815 \end{ejemplos}
                    
A number should have been here; I inserted `0'.
(If you can't figure out why I needed to see a number,
look up `weird error' in the index to The TeXbook.)

./a2_babbel.tex:815: Undefined control sequence.
<argument> enit@resume@series@\enit@series 
                                           
l.815 \end{ejemplos}
                    
The control sequence at the end of the top line
of your error message was never \def'ed. If you have
misspelled it (e.g., `\hobx'), type `I' and the correct
spelling (e.g., `I\hbox'). Otherwise just continue,
and I'll forget about whatever was undefined.

./a2_babbel.tex:815: Undefined control sequence.
\enit@setresumekeys ...me@#1}{\csname c@\@listctr 
                                                  \endcsname \the \csname c@...
l.815 \end{ejemplos}
                    
The control sequence at the end of the top line
of your error message was never \def'ed. If you have
misspelled it (e.g., `\hobx'), type `I' and the correct
spelling (e.g., `I\hbox'). Otherwise just continue,
and I'll forget about whatever was undefined.

./a2_babbel.tex:815: Undefined control sequence.
\enit@setresumekeys ...e \the \csname c@\@listctr 
                                                  \endcsname }\fi }
l.815 \end{ejemplos}
                    
The control sequence at the end of the top line
of your error message was never \def'ed. If you have
misspelled it (e.g., `\hobx'), type `I' and the correct
spelling (e.g., `I\hbox'). Otherwise just continue,
and I'll forget about whatever was undefined.

./a2_babbel.tex:815: You can't use `\relax' after \the.
<recently read> \c@ 
                    
l.815 \end{ejemplos}
                    
I'm forgetting what you said and using zero instead.

./a2_babbel.tex:815: Undefined control sequence.
\enit@enditemize ...ist \fi \ifnum \enit@resuming 
                                                  =\thr@@ \enit@setresumekey...
l.815 \end{ejemplos}
                    
The control sequence at the end of the top line
of your error message was never \def'ed. If you have
misspelled it (e.g., `\hobx'), type `I' and the correct
spelling (e.g., `I\hbox'). Otherwise just continue,
and I'll forget about whatever was undefined.

./a2_babbel.tex:815: Missing number, treated as zero.
<to be read again> 
                   =
l.815 \end{ejemplos}
                    
A number should have been here; I inserted `0'.
(If you can't figure out why I needed to see a number,
look up `weird error' in the index to The TeXbook.)

./a2_babbel.tex:815: Undefined control sequence.
\enit@setresumekeys ...xpandafter {\enit@savekeys 
                                                  }\xdef \enit@afterlist {#2...
l.815 \end{ejemplos}
                    
The control sequence at the end of the top line
of your error message was never \def'ed. If you have
misspelled it (e.g., `\hobx'), type `I' and the correct
spelling (e.g., `I\hbox'). Otherwise just continue,
and I'll forget about whatever was undefined.

./a2_babbel.tex:815: Undefined control sequence.
\enit@setresumekeys ...it@toks }\ifnum \enit@type 
                                                  =\z@ #3\def \enit@noexcs {...
l.815 \end{ejemplos}
                    
The control sequence at the end of the top line
of your error message was never \def'ed. If you have
misspelled it (e.g., `\hobx'), type `I' and the correct
spelling (e.g., `I\hbox'). Otherwise just continue,
and I'll forget about whatever was undefined.

./a2_babbel.tex:815: Missing number, treated as zero.
<to be read again> 
                   =
l.815 \end{ejemplos}
                    
A number should have been here; I inserted `0'.
(If you can't figure out why I needed to see a number,
look up `weird error' in the index to The TeXbook.)

./a2_babbel.tex:815: Undefined control sequence.
\enit@setresumekeys ...me@#1}{\csname c@\@listctr 
                                                  \endcsname \the \csname c@...
l.815 \end{ejemplos}
                    
The control sequence at the end of the top line
of your error message was never \def'ed. If you have
misspelled it (e.g., `\hobx'), type `I' and the correct
spelling (e.g., `I\hbox'). Otherwise just continue,
and I'll forget about whatever was undefined.

./a2_babbel.tex:815: Undefined control sequence.
\enit@setresumekeys ...e \the \csname c@\@listctr 
                                                  \endcsname }\fi }
l.815 \end{ejemplos}
                    
The control sequence at the end of the top line
of your error message was never \def'ed. If you have
misspelled it (e.g., `\hobx'), type `I' and the correct
spelling (e.g., `I\hbox'). Otherwise just continue,
and I'll forget about whatever was undefined.

./a2_babbel.tex:815: You can't use `\relax' after \the.
<recently read> \c@ 
                    
l.815 \end{ejemplos}
                    
I'm forgetting what you said and using zero instead.


./a2_babbel.tex:815: LaTeX Error: \begin{document} ended by \end{itemize}.

See the LaTeX manual or LaTeX Companion for explanation.
Type  H <return>  for immediate help.
 ...                                              
                                                  
l.815 \end{ejemplos}
                    
Your command was ignored.
Type  I <command> <return>  to replace it with another command,
or  <return>  to continue without it.

./a2_babbel.tex:815: You can't use `\unskip' in vertical mode.
\endmdframed ...ignorelastdescenders \par \unskip 
                                                  \ifvmode \nointerlineskip ...
l.815 \end{ejemplos}
                    
Sorry...I usually can't take things from the current page.
Try `I\vskip-\lastskip' instead.

./a2_babbel.tex:815: Extra \endgroup.
\color@endgroup ->\endgraf \endgroup 
                                     
l.815 \end{ejemplos}
                    
Things are pretty mixed up, but I think the worst is over.

./a2_babbel.tex:815: Too many }'s.
\endmdf@lrbox ->\color@endgroup \egroup 
                                        
l.815 \end{ejemplos}
                    
You've closed more groups than you opened.
Such booboos are generally harmless, so keep going.


Package mdframed Warning: The environment is empty
(mdframed)                 on input line 815.

./a2_babbel.tex:815: Extra \endgroup.
\color@endgroup ->\endgraf \endgroup 
                                     
l.815 \end{ejemplos}
                    
Things are pretty mixed up, but I think the worst is over.


./a2_babbel.tex:815: LaTeX Error: \begin{document} ended by \end{mdframed}.

See the LaTeX manual or LaTeX Companion for explanation.
Type  H <return>  for immediate help.
 ...                                              
                                                  
l.815 \end{ejemplos}
                    
Your command was ignored.
Type  I <command> <return>  to replace it with another command,
or  <return>  to continue without it.

./a2_babbel.tex:815: Extra \endgroup.
<recently read> \endgroup 
                          
l.815 \end{ejemplos}
                    
Things are pretty mixed up, but I think the worst is over.


./a2_babbel.tex:815: LaTeX Error: \begin{document} ended by \end{ejemplos}.

See the LaTeX manual or LaTeX Companion for explanation.
Type  H <return>  for immediate help.
 ...                                              
                                                  
l.815 \end{ejemplos}
                    
Your command was ignored.
Type  I <command> <return>  to replace it with another command,
or  <return>  to continue without it.

./a2_babbel.tex:815: Extra \endgroup.
<recently read> \endgroup 
                          
l.815 \end{ejemplos}
                    
Things are pretty mixed up, but I think the worst is over.

Package mdframed Info: mdframed works in twoside mode on input line 820.
LaTeX Info: Redefining \. on input line 822.
LaTeX Info: Redefining \% on input line 822.

Package fancyhdr Warning: \headheight is too small (12.0pt): 
(fancyhdr)                Make it at least 12.1638pt, for example:
(fancyhdr)                \setlength{\headheight}{12.1638pt}.
(fancyhdr)                You might also make \topmargin smaller to compensate:
(fancyhdr)                \addtolength{\topmargin}{-0.1638pt}.

[30]
Package mdframed Info: Not enough space on this page on input line 822.


LaTeX Warning: Reference `mdf@pagelabel-143' on page 31 undefined on input line 822.

Package mdframed Info: mdframed works in twoside mode on input line 824.

LaTeX Warning: Reference `mdf@pagelabel-144' on page 31 undefined on input line 826.

Package mdframed Info: mdframed works in twoside mode on input line 827.

LaTeX Warning: Reference `mdf@pagelabel-145' on page 31 undefined on input line 830.

Package mdframed Info: mdframed works in twoside mode on input line 832.

LaTeX Warning: Reference `mdf@pagelabel-146' on page 31 undefined on input line 839.

Package mdframed Info: mdframed works in twoside mode on input line 843.

LaTeX Warning: Reference `mdf@pagelabel-147' on page 31 undefined on input line 845.

Package mdframed Info: mdframed works in twoside mode on input line 848.

LaTeX Warning: Reference `mdf@pagelabel-148' on page 31 undefined on input line 850.

Package mdframed Info: mdframed works in twoside mode on input line 853.

LaTeX Warning: Reference `mdf@pagelabel-149' on page 31 undefined on input line 855.

LaTeX Info: Redefining \. on input line 859.
LaTeX Info: Redefining \% on input line 859.

Package fancyhdr Warning: \headheight is too small (12.0pt): 
(fancyhdr)                Make it at least 12.1638pt, for example:
(fancyhdr)                \setlength{\headheight}{12.1638pt}.
(fancyhdr)                You might also make \topmargin smaller to compensate:
(fancyhdr)                \addtolength{\topmargin}{-0.1638pt}.

[31]
Package mdframed Info: mdframed works in twoside mode on input line 859.


LaTeX Warning: Reference `mdf@pagelabel-150' on page 32 undefined on input line 861.

Package mdframed Info: mdframed works in twoside mode on input line 864.

LaTeX Warning: Reference `mdf@pagelabel-151' on page 32 undefined on input line 866.

)
LaTeX Info: Redefining \. on input line 100.
LaTeX Info: Redefining \% on input line 100.


Package fancyhdr Warning: \headheight is too small (12.0pt): 
(fancyhdr)                Make it at least 12.1638pt, for example:
(fancyhdr)                \setlength{\headheight}{12.1638pt}.
(fancyhdr)                You might also make \topmargin smaller to compensate:
(fancyhdr)                \addtolength{\topmargin}{-0.1638pt}.

[32]
\openout2 = `verbos.aux'.

 (./verbos.tex
Cap\'{\i }tulo 4.
(c:/texlive/2023/texmf-dist/tex/latex/base/t1cmss.fd)
Underfull \vbox (badness 10000) has occurred while \output is active []

 [33




])
LaTeX Info: Redefining \. on input line 101.
LaTeX Info: Redefining \% on input line 101.


Package fancyhdr Warning: \headheight is too small (12.0pt): 
(fancyhdr)                Make it at least 12.1638pt, for example:
(fancyhdr)                \setlength{\headheight}{12.1638pt}.
(fancyhdr)                You might also make \topmargin smaller to compensate:
(fancyhdr)                \addtolength{\topmargin}{-0.1638pt}.

[34]
\openout2 = `frases.aux'.

 (./frases.tex
Cap\'{\i }tulo 5.
Package mdframed Info: mdframed works in twoside mode on input line 2.

LaTeX Warning: Reference `mdf@pagelabel-152' on page 35 undefined on input line 14.

Package mdframed Info: mdframed works in twoside mode on input line 15.

LaTeX Warning: Reference `mdf@pagelabel-153' on page 35 undefined on input line 19.

) [35




]
\openout2 = `textos.aux'.

 (./textos.tex
Cap\'{\i }tulo 6.
Package mdframed Info: mdframed works in twoside mode on input line 2.
) [36




]
\openout2 = `vocabulario.aux'.

 (./vocabulario.tex
Cap\'{\i }tulo 7.
Package mdframed Info: mdframed works in twoside mode on input line 2.
Package mdframed Info: mdframed works in twoside mode on input line 17.
Package mdframed Info: mdframed works in twoside mode on input line 22.
) [37




] (build/gramatica.aux
LaTeX Info: Redefining \. on input line 23.
LaTeX Info: Redefining \% on input line 23.
 (build/repeat.aux) (build/a1_babbel.aux) (build/a2_babbel.aux) (build/verbos.aux) (build/frases.aux) (build/textos.aux) (build/vocabulario.aux))
 ***********
LaTeX2e <2023-06-01> patch level 1
L3 programming layer <2023-06-16>
 ***********


LaTeX Warning: There were undefined references.


LaTeX Warning: Label(s) may have changed. Rerun to get cross-references right.


Package rerunfilecheck Warning: File `gramatica.out' has changed.
(rerunfilecheck)                Rerun to get outlines right
(rerunfilecheck)                or use package `bookmark'.

Package rerunfilecheck Info: Checksums for `gramatica.out':
(rerunfilecheck)             Before: 29C19C56BDA463E28770D91F0558DE65;6562
(rerunfilecheck)             After:  FBE5C6D499FE2CE49954BA2EB9631AC0;7261.
 ) 
Here is how much of TeX's memory you used:
 14686 strings out of 475723
 228464 string characters out of 5785846
 1870763 words of memory out of 5000000
 35082 multiletter control sequences out of 15000+600000
 536009 words of font info for 82 fonts, out of 8000000 for 9000
 1141 hyphenation exceptions out of 8191
 79i,11n,93p,540b,615s stack positions out of 10000i,1000n,20000p,200000b,200000s
<c:/texlive/2023/texmf-dist/fonts/type1/public/cm-super/sfbi1200.pfb><c:/texlive/2023/texmf-dist/fonts/type1/public/cm-super/sfbi1440.pfb><c:/texlive/2023/texmf-dist/fonts/type1/public/cm-super/sfbx0800.pfb><c:/texlive/2023/texmf-dist/fonts/type1/public/cm-super/sfbx1000.pfb><c:/texlive/2023/texmf-dist/fonts/type1/public/cm-super/sfbx1200.pfb><c:/texlive/2023/texmf-dist/fonts/type1/public/cm-super/sfbx1440.pfb><c:/texlive/2023/texmf-dist/fonts/type1/public/cm-super/sfbx1728.pfb><c:/texlive/2023/texmf-dist/fonts/type1/public/cm-super/sfbx2074.pfb><c:/texlive/2023/texmf-dist/fonts/type1/public/cm-super/sfbx2488.pfb><c:/texlive/2023/texmf-dist/fonts/type1/public/cm-super/sfrm0600.pfb><c:/texlive/2023/texmf-dist/fonts/type1/public/cm-super/sfrm0700.pfb><c:/texlive/2023/texmf-dist/fonts/type1/public/cm-super/sfrm0800.pfb><c:/texlive/2023/texmf-dist/fonts/type1/public/cm-super/sfrm1000.pfb><c:/texlive/2023/texmf-dist/fonts/type1/public/cm-super/sfrm1200.pfb><c:/texlive/2023/texmf-dist/fonts/type1/public/cm-super/sfss1000.pfb><c:/texlive/2023/texmf-dist/fonts/type1/public/cm-super/sfsx1000.pfb><c:/texlive/2023/texmf-dist/fonts/type1/public/cm-super/sfti1000.pfb>
Output written on build/gramatica.pdf (37 pages, 392588 bytes).
PDF statistics:
 457 PDF objects out of 1000 (max. 8388607)
 379 compressed objects within 4 object streams
 87 named destinations out of 1000 (max. 500000)
 345 words of extra memory for PDF output out of 10000 (max. 10000000)

